<?xml version="1.0" encoding="UTF-8"?>
<!-- Generated by org.testng.reporters.JUnitReportReporter -->
<testsuite hostname="Vishnu" failures="0" tests="4" name="testngParallerTest.ParallelTest" time="0.163" errors="0" timestamp="2023-11-06T12:10:33 IST" skipped="0">
  <testcase classname="testngParallerTest.ParallelTest" name="testlogo" time="0.056"/>
  <system-out/>
  <testcase classname="testngParallerTest.ParallelTest" name="testlogo" time="0.089"/>
  <system-out/>
  <testcase classname="testngParallerTest.ParallelTest" name="testtitle" time="0.009"/>
  <system-out/>
  <testcase classname="testngParallerTest.ParallelTest" name="testtitle" time="0.009"/>
  <system-out/>
</testsuite> <!-- testngParallerTest.ParallelTest -->
