<?xml version="1.0" encoding="UTF-8"?>
<!-- Generated by org.testng.reporters.JUnitReportReporter -->
<testsuite hostname="Vishnu" failures="0" tests="3" name="testng.SecondTest" time="17.818" errors="0" timestamp="2023-11-04T12:40:28 IST" skipped="0">
  <testcase classname="testng.SecondTest" name="openApp" time="15.438"/>
  <system-out/>
  <testcase classname="testng.SecondTest" name="login" time="2.180"/>
  <system-out/>
  <testcase classname="testng.SecondTest" name="closeApp" time="0.200"/>
  <system-out/>
</testsuite> <!-- testng.SecondTest -->
