<?xml version="1.0" encoding="UTF-8"?>
<!-- Generated by org.testng.reporters.JUnitReportReporter -->
<testsuite hostname="Vishnu" failures="0" tests="3" name="testngGrouping.Grouping" time="0.016" errors="0" timestamp="2023-11-05T12:32:30 IST" skipped="0">
  <testcase classname="testngGrouping.Grouping" name="signupByFacebook" time="0.013"/>
  <system-out/>
  <testcase classname="testngGrouping.Grouping" name="signupByTwitter" time="0.002"/>
  <system-out/>
  <testcase classname="testngGrouping.Grouping" name="paymentReturnByBank" time="0.001"/>
  <system-out/>
</testsuite> <!-- testngGrouping.Grouping -->
