<?xml version="1.0" encoding="UTF-8"?>
<!-- Generated by org.testng.reporters.JUnitReportReporter -->
<testsuite hostname="Vishnu" failures="0" tests="3" name="testng.FirstTest" time="0.016" errors="0" timestamp="2023-11-04T12:40:28 IST" skipped="0">
  <testcase classname="testng.FirstTest" name="test3" time="0.001"/>
  <system-out/>
  <testcase classname="testng.FirstTest" name="test1" time="0.012"/>
  <system-out/>
  <testcase classname="testng.FirstTest" name="test2" time="0.003"/>
  <system-out/>
</testsuite> <!-- testng.FirstTest -->
