<?xml version="1.0" encoding="UTF-8"?>
<!-- Generated by org.testng.reporters.JUnitReportReporter -->
<testsuite hostname="Vishnu" failures="0" tests="2" name="testng.AllAnnotations" time="0.013" errors="0" timestamp="2023-11-04T17:53:53 IST" skipped="0">
  <testcase classname="testng.AllAnnotations" name="tm1" time="0.011"/>
  <system-out/>
  <testcase classname="testng.AllAnnotations" name="tm2" time="0.002"/>
  <system-out/>
</testsuite> <!-- testng.AllAnnotations -->
