<?xml version="1.0" encoding="UTF-8"?>
<!-- Generated by org.testng.reporters.JUnitReportReporter -->
<testsuite hostname="Vishnu" failures="0" tests="2" name="pageobjectmodel.LoginTest" time="1.471" errors="0" timestamp="2023-11-07T16:18:27 IST" skipped="0">
  <testcase classname="pageobjectmodel.LoginTest" name="testlogo" time="0.095"/>
  <system-out/>
  <testcase classname="pageobjectmodel.LoginTest" name="testlogin" time="1.376"/>
  <system-out/>
</testsuite> <!-- pageobjectmodel.LoginTest -->
