<?xml version="1.0" encoding="UTF-8"?>
<!-- Generated by org.testng.reporters.JUnitReportReporter -->
<testsuite hostname="Vishnu" failures="0" tests="1" name="testngAssertions.HardAssertions" time="0.016" errors="0" timestamp="2023-11-05T10:31:03 IST" skipped="0">
  <testcase classname="testngAssertions.HardAssertions" name="test" time="0.016"/>
  <system-out/>
</testsuite> <!-- testngAssertions.HardAssertions -->
