<?xml version="1.0" encoding="UTF-8"?>
<!-- Generated by org.testng.reporters.JUnitReportReporter -->
<testsuite hostname="Vishnu" failures="0" tests="2" name="testng.AnnotationsDemo2" time="0.016" errors="0" timestamp="2023-11-04T17:11:54 IST" skipped="0">
  <testcase classname="testng.AnnotationsDemo2" name="search" time="0.014"/>
  <system-out/>
  <testcase classname="testng.AnnotationsDemo2" name="Advancedsearch" time="0.002"/>
  <system-out/>
</testsuite> <!-- testng.AnnotationsDemo2 -->
