<?xml version="1.0" encoding="UTF-8"?>
<!-- Generated by org.testng.reporters.JUnitReportReporter -->
<testsuite hostname="Vishnu" failures="0" tests="2" name="testng.AnnotationsDemo1" time="0.020" errors="0" timestamp="2023-11-04T16:56:46 IST" skipped="0">
  <testcase classname="testng.AnnotationsDemo1" name="search" time="0.006"/>
  <system-out/>
  <testcase classname="testng.AnnotationsDemo1" name="Advancedsearch" time="0.014"/>
  <system-out/>
</testsuite> <!-- testng.AnnotationsDemo1 -->
