<?xml version="1.0" encoding="UTF-8"?>
<!-- Generated by org.testng.reporters.JUnitReportReporter -->
<testsuite hostname="Vishnu" failures="0" tests="1" name="testngAssertions.HardAssertionVsSoftAssertion" time="0.021" errors="0" timestamp="2023-11-05T11:07:27 IST" skipped="0">
  <testcase classname="testngAssertions.HardAssertionVsSoftAssertion" name="Soft_Assertion" time="0.021"/>
  <system-out/>
</testsuite> <!-- testngAssertions.HardAssertionVsSoftAssertion -->
